[2021-11-21T14:45:30.234] [INFO] NativeLogger - 开始获取插件NativeLogger
[2021-11-21T14:45:30.236] [INFO] NativeLogger - 开始执行插件方法，插件：NativeLogger，方法：WriteLog，参数：["EventManager",2,"[EventManager.addEventListener]type:\"Pause\",fn:undefined"]
[2021-11-21T14:45:30.236] [INFO] NativeLogger - 插件方法执行成功，插件：NativeLogger，方法：WriteLog，参数：["EventManager",2,"[EventManager.addEventListener]type:\"Pause\",fn:undefined"]
[2021-11-21T14:45:30.236] [INFO] NativeLogger - 开始获取插件NativeLogger
[2021-11-21T14:45:30.236] [INFO] NativeLogger - 开始执行插件方法，插件：NativeLogger，方法：WriteLog，参数：["EventManager",2,"[EventManager]listers:{\"Pause\":[null]}"]
[2021-11-21T14:45:30.237] [INFO] NativeLogger - 插件方法执行成功，插件：NativeLogger，方法：WriteLog，参数：["EventManager",2,"[EventManager]listers:{\"Pause\":[null]}"]
[2021-11-21T14:45:30.237] [INFO] NativeLogger - 开始获取插件NativeLogger
[2021-11-21T14:45:30.237] [INFO] NativeLogger - 开始执行插件方法，插件：NativeLogger，方法：WriteLog，参数：["EventManager",2,"[EventManager.addEventListener]type:\"Pause\",fn:undefined"]
[2021-11-21T14:45:30.237] [INFO] NativeLogger - 插件方法执行成功，插件：NativeLogger，方法：WriteLog，参数：["EventManager",2,"[EventManager.addEventListener]type:\"Pause\",fn:undefined"]
[2021-11-21T14:45:30.237] [INFO] NativeLogger - 开始获取插件NativeLogger
[2021-11-21T14:45:30.237] [INFO] NativeLogger - 开始执行插件方法，插件：NativeLogger，方法：WriteLog，参数：["EventManager",2,"[EventManager]listers:{\"Pause\":[null]}"]
[2021-11-21T14:45:30.237] [INFO] NativeLogger - 插件方法执行成功，插件：NativeLogger，方法：WriteLog，参数：["EventManager",2,"[EventManager]listers:{\"Pause\":[null]}"]
[2021-11-21T14:48:43.623] [INFO] NativeLogger - 开始获取插件NativeLogger
[2021-11-21T14:48:43.625] [INFO] NativeLogger - 开始执行插件方法，插件：NativeLogger，方法：WriteLog，参数：["EventManager",2,"[EventManager.addEventListener]type:\"Pause\",fn:undefined"]
[2021-11-21T14:48:43.625] [INFO] NativeLogger - 插件方法执行成功，插件：NativeLogger，方法：WriteLog，参数：["EventManager",2,"[EventManager.addEventListener]type:\"Pause\",fn:undefined"]
[2021-11-21T14:48:43.625] [INFO] NativeLogger - 开始获取插件NativeLogger
[2021-11-21T14:48:43.625] [INFO] NativeLogger - 开始执行插件方法，插件：NativeLogger，方法：WriteLog，参数：["EventManager",2,"[EventManager]listers:{\"Pause\":[null]}"]
[2021-11-21T14:48:43.626] [INFO] NativeLogger - 插件方法执行成功，插件：NativeLogger，方法：WriteLog，参数：["EventManager",2,"[EventManager]listers:{\"Pause\":[null]}"]
[2021-11-21T14:48:43.626] [INFO] NativeLogger - 开始获取插件NativeLogger
[2021-11-21T14:48:43.626] [INFO] NativeLogger - 开始执行插件方法，插件：NativeLogger，方法：WriteLog，参数：["EventManager",2,"[EventManager.addEventListener]type:\"Pause\",fn:undefined"]
[2021-11-21T14:48:43.626] [INFO] NativeLogger - 插件方法执行成功，插件：NativeLogger，方法：WriteLog，参数：["EventManager",2,"[EventManager.addEventListener]type:\"Pause\",fn:undefined"]
[2021-11-21T14:48:43.626] [INFO] NativeLogger - 开始获取插件NativeLogger
[2021-11-21T14:48:43.626] [INFO] NativeLogger - 开始执行插件方法，插件：NativeLogger，方法：WriteLog，参数：["EventManager",2,"[EventManager]listers:{\"Pause\":[null]}"]
[2021-11-21T14:48:43.626] [INFO] NativeLogger - 插件方法执行成功，插件：NativeLogger，方法：WriteLog，参数：["EventManager",2,"[EventManager]listers:{\"Pause\":[null]}"]
[2021-11-21T14:49:13.071] [INFO] NativeLogger - 开始获取插件NativeLogger
[2021-11-21T14:49:13.071] [INFO] NativeLogger - 开始执行插件方法，插件：NativeLogger，方法：WriteLog，参数：["EventManager",2,"[EventManager.removeEventListeners]type:\"Pause\""]
[2021-11-21T14:49:13.071] [INFO] NativeLogger - 插件方法执行成功，插件：NativeLogger，方法：WriteLog，参数：["EventManager",2,"[EventManager.removeEventListeners]type:\"Pause\""]
[2021-11-21T14:49:13.071] [INFO] NativeLogger - 开始获取插件NativeLogger
[2021-11-21T14:49:13.071] [INFO] NativeLogger - 开始执行插件方法，插件：NativeLogger，方法：WriteLog，参数：["EventManager",2,"[EventManager.removeEventListener]type:\"Pause\",key:undefined"]
[2021-11-21T14:49:13.071] [INFO] NativeLogger - 插件方法执行成功，插件：NativeLogger，方法：WriteLog，参数：["EventManager",2,"[EventManager.removeEventListener]type:\"Pause\",key:undefined"]
[2021-11-22T13:54:56.881] [INFO] NativeLogger - 开始获取插件NativeLogger
[2021-11-22T13:54:56.882] [INFO] NativeLogger - 开始执行插件方法，插件：NativeLogger，方法：WriteLog，参数：["EventManager",2,"[EventManager.addEventListener]type:\"Pause\",fn:undefined"]
[2021-11-22T13:54:56.882] [INFO] NativeLogger - 插件方法执行成功，插件：NativeLogger，方法：WriteLog，参数：["EventManager",2,"[EventManager.addEventListener]type:\"Pause\",fn:undefined"]
[2021-11-22T13:54:56.882] [INFO] NativeLogger - 开始获取插件NativeLogger
[2021-11-22T13:54:56.882] [INFO] NativeLogger - 开始执行插件方法，插件：NativeLogger，方法：WriteLog，参数：["EventManager",2,"[EventManager]listers:{\"Pause\":[null]}"]
[2021-11-22T13:54:56.882] [INFO] NativeLogger - 插件方法执行成功，插件：NativeLogger，方法：WriteLog，参数：["EventManager",2,"[EventManager]listers:{\"Pause\":[null]}"]
[2021-11-22T13:54:56.883] [INFO] NativeLogger - 开始获取插件NativeLogger
[2021-11-22T13:54:56.883] [INFO] NativeLogger - 开始执行插件方法，插件：NativeLogger，方法：WriteLog，参数：["EventManager",2,"[EventManager.addEventListener]type:\"Pause\",fn:undefined"]
[2021-11-22T13:54:56.883] [INFO] NativeLogger - 插件方法执行成功，插件：NativeLogger，方法：WriteLog，参数：["EventManager",2,"[EventManager.addEventListener]type:\"Pause\",fn:undefined"]
[2021-11-22T13:54:56.883] [INFO] NativeLogger - 开始获取插件NativeLogger
[2021-11-22T13:54:56.883] [INFO] NativeLogger - 开始执行插件方法，插件：NativeLogger，方法：WriteLog，参数：["EventManager",2,"[EventManager]listers:{\"Pause\":[null]}"]
[2021-11-22T13:54:56.883] [INFO] NativeLogger - 插件方法执行成功，插件：NativeLogger，方法：WriteLog，参数：["EventManager",2,"[EventManager]listers:{\"Pause\":[null]}"]
[2021-11-22T13:57:58.923] [INFO] NativeLogger - 开始获取插件NativeLogger
[2021-11-22T13:57:58.925] [INFO] NativeLogger - 开始执行插件方法，插件：NativeLogger，方法：WriteLog，参数：["EventManager",2,"[EventManager.addEventListener]type:\"Pause\",fn:undefined"]
[2021-11-22T13:57:58.925] [INFO] NativeLogger - 插件方法执行成功，插件：NativeLogger，方法：WriteLog，参数：["EventManager",2,"[EventManager.addEventListener]type:\"Pause\",fn:undefined"]
[2021-11-22T13:57:58.925] [INFO] NativeLogger - 开始获取插件NativeLogger
[2021-11-22T13:57:58.925] [INFO] NativeLogger - 开始执行插件方法，插件：NativeLogger，方法：WriteLog，参数：["EventManager",2,"[EventManager]listers:{\"Pause\":[null]}"]
[2021-11-22T13:57:58.925] [INFO] NativeLogger - 插件方法执行成功，插件：NativeLogger，方法：WriteLog，参数：["EventManager",2,"[EventManager]listers:{\"Pause\":[null]}"]
[2021-11-22T13:57:58.925] [INFO] NativeLogger - 开始获取插件NativeLogger
[2021-11-22T13:57:58.925] [INFO] NativeLogger - 开始执行插件方法，插件：NativeLogger，方法：WriteLog，参数：["EventManager",2,"[EventManager.addEventListener]type:\"Pause\",fn:undefined"]
[2021-11-22T13:57:58.925] [INFO] NativeLogger - 插件方法执行成功，插件：NativeLogger，方法：WriteLog，参数：["EventManager",2,"[EventManager.addEventListener]type:\"Pause\",fn:undefined"]
[2021-11-22T13:57:58.926] [INFO] NativeLogger - 开始获取插件NativeLogger
[2021-11-22T13:57:58.926] [INFO] NativeLogger - 开始执行插件方法，插件：NativeLogger，方法：WriteLog，参数：["EventManager",2,"[EventManager]listers:{\"Pause\":[null]}"]
[2021-11-22T13:57:58.926] [INFO] NativeLogger - 插件方法执行成功，插件：NativeLogger，方法：WriteLog，参数：["EventManager",2,"[EventManager]listers:{\"Pause\":[null]}"]
[2021-11-22T13:59:28.236] [INFO] NativeLogger - 开始获取插件NativeLogger
[2021-11-22T13:59:28.238] [INFO] NativeLogger - 开始执行插件方法，插件：NativeLogger，方法：WriteLog，参数：["EventManager",2,"[EventManager.addEventListener]type:\"Pause\",fn:undefined"]
[2021-11-22T13:59:28.238] [INFO] NativeLogger - 插件方法执行成功，插件：NativeLogger，方法：WriteLog，参数：["EventManager",2,"[EventManager.addEventListener]type:\"Pause\",fn:undefined"]
[2021-11-22T13:59:28.239] [INFO] NativeLogger - 开始获取插件NativeLogger
[2021-11-22T13:59:28.239] [INFO] NativeLogger - 开始执行插件方法，插件：NativeLogger，方法：WriteLog，参数：["EventManager",2,"[EventManager]listers:{\"Pause\":[null]}"]
[2021-11-22T13:59:28.239] [INFO] NativeLogger - 插件方法执行成功，插件：NativeLogger，方法：WriteLog，参数：["EventManager",2,"[EventManager]listers:{\"Pause\":[null]}"]
[2021-11-22T13:59:28.239] [INFO] NativeLogger - 开始获取插件NativeLogger
[2021-11-22T13:59:28.239] [INFO] NativeLogger - 开始执行插件方法，插件：NativeLogger，方法：WriteLog，参数：["EventManager",2,"[EventManager.addEventListener]type:\"Pause\",fn:undefined"]
[2021-11-22T13:59:28.239] [INFO] NativeLogger - 插件方法执行成功，插件：NativeLogger，方法：WriteLog，参数：["EventManager",2,"[EventManager.addEventListener]type:\"Pause\",fn:undefined"]
[2021-11-22T13:59:28.239] [INFO] NativeLogger - 开始获取插件NativeLogger
[2021-11-22T13:59:28.239] [INFO] NativeLogger - 开始执行插件方法，插件：NativeLogger，方法：WriteLog，参数：["EventManager",2,"[EventManager]listers:{\"Pause\":[null]}"]
[2021-11-22T13:59:28.239] [INFO] NativeLogger - 插件方法执行成功，插件：NativeLogger，方法：WriteLog，参数：["EventManager",2,"[EventManager]listers:{\"Pause\":[null]}"]
[2021-11-22T14:16:01.028] [INFO] NativeLogger - 开始获取插件NativeLogger
[2021-11-22T14:16:01.029] [INFO] NativeLogger - 开始执行插件方法，插件：NativeLogger，方法：WriteLog，参数：["EventManager",2,"[EventManager.addEventListener]type:\"Pause\",fn:undefined"]
[2021-11-22T14:16:01.029] [INFO] NativeLogger - 插件方法执行成功，插件：NativeLogger，方法：WriteLog，参数：["EventManager",2,"[EventManager.addEventListener]type:\"Pause\",fn:undefined"]
[2021-11-22T14:16:01.030] [INFO] NativeLogger - 开始获取插件NativeLogger
[2021-11-22T14:16:01.030] [INFO] NativeLogger - 开始执行插件方法，插件：NativeLogger，方法：WriteLog，参数：["EventManager",2,"[EventManager]listers:{\"Pause\":[null]}"]
[2021-11-22T14:16:01.030] [INFO] NativeLogger - 插件方法执行成功，插件：NativeLogger，方法：WriteLog，参数：["EventManager",2,"[EventManager]listers:{\"Pause\":[null]}"]
[2021-11-22T14:16:01.030] [INFO] NativeLogger - 开始获取插件NativeLogger
[2021-11-22T14:16:01.030] [INFO] NativeLogger - 开始执行插件方法，插件：NativeLogger，方法：WriteLog，参数：["EventManager",2,"[EventManager.addEventListener]type:\"Pause\",fn:undefined"]
[2021-11-22T14:16:01.030] [INFO] NativeLogger - 插件方法执行成功，插件：NativeLogger，方法：WriteLog，参数：["EventManager",2,"[EventManager.addEventListener]type:\"Pause\",fn:undefined"]
[2021-11-22T14:16:01.030] [INFO] NativeLogger - 开始获取插件NativeLogger
[2021-11-22T14:16:01.030] [INFO] NativeLogger - 开始执行插件方法，插件：NativeLogger，方法：WriteLog，参数：["EventManager",2,"[EventManager]listers:{\"Pause\":[null]}"]
[2021-11-22T14:16:01.030] [INFO] NativeLogger - 插件方法执行成功，插件：NativeLogger，方法：WriteLog，参数：["EventManager",2,"[EventManager]listers:{\"Pause\":[null]}"]
[2021-11-22T14:16:18.090] [INFO] NativeLogger - 开始获取插件NativeLogger
[2021-11-22T14:16:18.090] [INFO] NativeLogger - 开始执行插件方法，插件：NativeLogger，方法：WriteLog，参数：["EventManager",2,"[EventManager.addEventListener]type:\"Pause\",fn:undefined"]
[2021-11-22T14:16:18.090] [INFO] NativeLogger - 插件方法执行成功，插件：NativeLogger，方法：WriteLog，参数：["EventManager",2,"[EventManager.addEventListener]type:\"Pause\",fn:undefined"]
[2021-11-22T14:16:18.091] [INFO] NativeLogger - 开始获取插件NativeLogger
[2021-11-22T14:16:18.091] [INFO] NativeLogger - 开始执行插件方法，插件：NativeLogger，方法：WriteLog，参数：["EventManager",2,"[EventManager]listers:{\"Pause\":[null]}"]
[2021-11-22T14:16:18.091] [INFO] NativeLogger - 插件方法执行成功，插件：NativeLogger，方法：WriteLog，参数：["EventManager",2,"[EventManager]listers:{\"Pause\":[null]}"]
[2021-11-22T14:16:18.091] [INFO] NativeLogger - 开始获取插件NativeLogger
[2021-11-22T14:16:18.091] [INFO] NativeLogger - 开始执行插件方法，插件：NativeLogger，方法：WriteLog，参数：["EventManager",2,"[EventManager.addEventListener]type:\"Pause\",fn:undefined"]
[2021-11-22T14:16:18.091] [INFO] NativeLogger - 插件方法执行成功，插件：NativeLogger，方法：WriteLog，参数：["EventManager",2,"[EventManager.addEventListener]type:\"Pause\",fn:undefined"]
[2021-11-22T14:16:18.091] [INFO] NativeLogger - 开始获取插件NativeLogger
[2021-11-22T14:16:18.091] [INFO] NativeLogger - 开始执行插件方法，插件：NativeLogger，方法：WriteLog，参数：["EventManager",2,"[EventManager]listers:{\"Pause\":[null]}"]
[2021-11-22T14:16:18.091] [INFO] NativeLogger - 插件方法执行成功，插件：NativeLogger，方法：WriteLog，参数：["EventManager",2,"[EventManager]listers:{\"Pause\":[null]}"]
[2021-11-22T14:16:23.108] [INFO] NativeLogger - 开始获取插件NativeLogger
[2021-11-22T14:16:23.108] [INFO] NativeLogger - 开始执行插件方法，插件：NativeLogger，方法：WriteLog，参数：["EventManager",2,"[EventManager.addEventListener]type:\"Pause\",fn:undefined"]
[2021-11-22T14:16:23.108] [INFO] NativeLogger - 插件方法执行成功，插件：NativeLogger，方法：WriteLog，参数：["EventManager",2,"[EventManager.addEventListener]type:\"Pause\",fn:undefined"]
[2021-11-22T14:16:23.108] [INFO] NativeLogger - 开始获取插件NativeLogger
[2021-11-22T14:16:23.108] [INFO] NativeLogger - 开始执行插件方法，插件：NativeLogger，方法：WriteLog，参数：["EventManager",2,"[EventManager]listers:{\"Pause\":[null]}"]
[2021-11-22T14:16:23.108] [INFO] NativeLogger - 插件方法执行成功，插件：NativeLogger，方法：WriteLog，参数：["EventManager",2,"[EventManager]listers:{\"Pause\":[null]}"]
[2021-11-22T14:16:23.109] [INFO] NativeLogger - 开始获取插件NativeLogger
[2021-11-22T14:16:23.109] [INFO] NativeLogger - 开始执行插件方法，插件：NativeLogger，方法：WriteLog，参数：["EventManager",2,"[EventManager.addEventListener]type:\"Pause\",fn:undefined"]
[2021-11-22T14:16:23.109] [INFO] NativeLogger - 插件方法执行成功，插件：NativeLogger，方法：WriteLog，参数：["EventManager",2,"[EventManager.addEventListener]type:\"Pause\",fn:undefined"]
[2021-11-22T14:16:23.109] [INFO] NativeLogger - 开始获取插件NativeLogger
[2021-11-22T14:16:23.109] [INFO] NativeLogger - 开始执行插件方法，插件：NativeLogger，方法：WriteLog，参数：["EventManager",2,"[EventManager]listers:{\"Pause\":[null]}"]
[2021-11-22T14:16:23.109] [INFO] NativeLogger - 插件方法执行成功，插件：NativeLogger，方法：WriteLog，参数：["EventManager",2,"[EventManager]listers:{\"Pause\":[null]}"]
[2021-11-22T14:16:26.283] [INFO] NativeLogger - 开始获取插件NativeLogger
[2021-11-22T14:16:26.283] [INFO] NativeLogger - 开始执行插件方法，插件：NativeLogger，方法：WriteLog，参数：["EventManager",2,"[EventManager.addEventListener]type:\"Pause\",fn:undefined"]
[2021-11-22T14:16:26.284] [INFO] NativeLogger - 插件方法执行成功，插件：NativeLogger，方法：WriteLog，参数：["EventManager",2,"[EventManager.addEventListener]type:\"Pause\",fn:undefined"]
[2021-11-22T14:16:26.284] [INFO] NativeLogger - 开始获取插件NativeLogger
[2021-11-22T14:16:26.284] [INFO] NativeLogger - 开始执行插件方法，插件：NativeLogger，方法：WriteLog，参数：["EventManager",2,"[EventManager]listers:{\"Pause\":[null]}"]
[2021-11-22T14:16:26.284] [INFO] NativeLogger - 插件方法执行成功，插件：NativeLogger，方法：WriteLog，参数：["EventManager",2,"[EventManager]listers:{\"Pause\":[null]}"]
[2021-11-22T14:16:26.284] [INFO] NativeLogger - 开始获取插件NativeLogger
[2021-11-22T14:16:26.284] [INFO] NativeLogger - 开始执行插件方法，插件：NativeLogger，方法：WriteLog，参数：["EventManager",2,"[EventManager.addEventListener]type:\"Pause\",fn:undefined"]
[2021-11-22T14:16:26.284] [INFO] NativeLogger - 插件方法执行成功，插件：NativeLogger，方法：WriteLog，参数：["EventManager",2,"[EventManager.addEventListener]type:\"Pause\",fn:undefined"]
[2021-11-22T14:16:26.284] [INFO] NativeLogger - 开始获取插件NativeLogger
[2021-11-22T14:16:26.284] [INFO] NativeLogger - 开始执行插件方法，插件：NativeLogger，方法：WriteLog，参数：["EventManager",2,"[EventManager]listers:{\"Pause\":[null]}"]
[2021-11-22T14:16:26.284] [INFO] NativeLogger - 插件方法执行成功，插件：NativeLogger，方法：WriteLog，参数：["EventManager",2,"[EventManager]listers:{\"Pause\":[null]}"]
[2021-11-22T16:21:42.865] [INFO] NativeLogger - 开始获取插件NativeLogger
[2021-11-22T16:21:42.872] [INFO] NativeLogger - 开始执行插件方法，插件：NativeLogger，方法：WriteLog，参数：["EventManager",2,"[EventManager.addEventListener]type:\"Pause\",fn:undefined"]
[2021-11-22T16:21:42.872] [INFO] NativeLogger - 插件方法执行成功，插件：NativeLogger，方法：WriteLog，参数：["EventManager",2,"[EventManager.addEventListener]type:\"Pause\",fn:undefined"]
[2021-11-22T16:21:42.873] [INFO] NativeLogger - 开始获取插件NativeLogger
[2021-11-22T16:21:42.873] [INFO] NativeLogger - 开始执行插件方法，插件：NativeLogger，方法：WriteLog，参数：["EventManager",2,"[EventManager]listers:{\"Pause\":[null]}"]
[2021-11-22T16:21:42.873] [INFO] NativeLogger - 插件方法执行成功，插件：NativeLogger，方法：WriteLog，参数：["EventManager",2,"[EventManager]listers:{\"Pause\":[null]}"]
[2021-11-22T16:21:42.874] [INFO] NativeLogger - 开始获取插件NativeLogger
[2021-11-22T16:21:42.874] [INFO] NativeLogger - 开始执行插件方法，插件：NativeLogger，方法：WriteLog，参数：["EventManager",2,"[EventManager.addEventListener]type:\"Pause\",fn:undefined"]
[2021-11-22T16:21:42.874] [INFO] NativeLogger - 插件方法执行成功，插件：NativeLogger，方法：WriteLog，参数：["EventManager",2,"[EventManager.addEventListener]type:\"Pause\",fn:undefined"]
[2021-11-22T16:21:42.874] [INFO] NativeLogger - 开始获取插件NativeLogger
[2021-11-22T16:21:42.874] [INFO] NativeLogger - 开始执行插件方法，插件：NativeLogger，方法：WriteLog，参数：["EventManager",2,"[EventManager]listers:{\"Pause\":[null]}"]
[2021-11-22T16:21:42.875] [INFO] NativeLogger - 插件方法执行成功，插件：NativeLogger，方法：WriteLog，参数：["EventManager",2,"[EventManager]listers:{\"Pause\":[null]}"]
[2021-11-22T16:22:13.376] [INFO] NativeLogger - 开始获取插件NativeLogger
[2021-11-22T16:22:13.377] [INFO] NativeLogger - 开始执行插件方法，插件：NativeLogger，方法：WriteLog，参数：["EventManager",2,"[EventManager.addEventListener]type:\"Pause\",fn:undefined"]
[2021-11-22T16:22:13.377] [INFO] NativeLogger - 插件方法执行成功，插件：NativeLogger，方法：WriteLog，参数：["EventManager",2,"[EventManager.addEventListener]type:\"Pause\",fn:undefined"]
[2021-11-22T16:22:13.378] [INFO] NativeLogger - 开始获取插件NativeLogger
[2021-11-22T16:22:13.378] [INFO] NativeLogger - 开始执行插件方法，插件：NativeLogger，方法：WriteLog，参数：["EventManager",2,"[EventManager]listers:{\"Pause\":[null]}"]
[2021-11-22T16:22:13.378] [INFO] NativeLogger - 插件方法执行成功，插件：NativeLogger，方法：WriteLog，参数：["EventManager",2,"[EventManager]listers:{\"Pause\":[null]}"]
[2021-11-22T16:22:13.378] [INFO] NativeLogger - 开始获取插件NativeLogger
[2021-11-22T16:22:13.379] [INFO] NativeLogger - 开始执行插件方法，插件：NativeLogger，方法：WriteLog，参数：["EventManager",2,"[EventManager.addEventListener]type:\"Pause\",fn:undefined"]
[2021-11-22T16:22:13.379] [INFO] NativeLogger - 插件方法执行成功，插件：NativeLogger，方法：WriteLog，参数：["EventManager",2,"[EventManager.addEventListener]type:\"Pause\",fn:undefined"]
[2021-11-22T16:22:13.379] [INFO] NativeLogger - 开始获取插件NativeLogger
[2021-11-22T16:22:13.379] [INFO] NativeLogger - 开始执行插件方法，插件：NativeLogger，方法：WriteLog，参数：["EventManager",2,"[EventManager]listers:{\"Pause\":[null]}"]
[2021-11-22T16:22:13.379] [INFO] NativeLogger - 插件方法执行成功，插件：NativeLogger，方法：WriteLog，参数：["EventManager",2,"[EventManager]listers:{\"Pause\":[null]}"]
[2021-11-23T14:51:15.482] [INFO] NativeLogger - 开始获取插件NativeLogger
[2021-11-23T14:51:15.484] [INFO] NativeLogger - 开始执行插件方法，插件：NativeLogger，方法：WriteLog，参数：["EventManager",2,"[EventManager.addEventListener]type:\"Pause\",fn:undefined"]
[2021-11-23T14:51:15.484] [INFO] NativeLogger - 插件方法执行成功，插件：NativeLogger，方法：WriteLog，参数：["EventManager",2,"[EventManager.addEventListener]type:\"Pause\",fn:undefined"]
[2021-11-23T14:51:15.485] [INFO] NativeLogger - 开始获取插件NativeLogger
[2021-11-23T14:51:15.485] [INFO] NativeLogger - 开始执行插件方法，插件：NativeLogger，方法：WriteLog，参数：["EventManager",2,"[EventManager]listers:{\"Pause\":[null]}"]
[2021-11-23T14:51:15.485] [INFO] NativeLogger - 插件方法执行成功，插件：NativeLogger，方法：WriteLog，参数：["EventManager",2,"[EventManager]listers:{\"Pause\":[null]}"]
[2021-11-23T14:51:15.486] [INFO] NativeLogger - 开始获取插件NativeLogger
[2021-11-23T14:51:15.486] [INFO] NativeLogger - 开始执行插件方法，插件：NativeLogger，方法：WriteLog，参数：["EventManager",2,"[EventManager.addEventListener]type:\"Pause\",fn:undefined"]
[2021-11-23T14:51:15.486] [INFO] NativeLogger - 插件方法执行成功，插件：NativeLogger，方法：WriteLog，参数：["EventManager",2,"[EventManager.addEventListener]type:\"Pause\",fn:undefined"]
[2021-11-23T14:51:15.486] [INFO] NativeLogger - 开始获取插件NativeLogger
[2021-11-23T14:51:15.486] [INFO] NativeLogger - 开始执行插件方法，插件：NativeLogger，方法：WriteLog，参数：["EventManager",2,"[EventManager]listers:{\"Pause\":[null]}"]
[2021-11-23T14:51:15.486] [INFO] NativeLogger - 插件方法执行成功，插件：NativeLogger，方法：WriteLog，参数：["EventManager",2,"[EventManager]listers:{\"Pause\":[null]}"]
[2021-11-23T16:08:20.921] [INFO] NativeLogger - 开始获取插件NativeLogger
[2021-11-23T16:08:20.922] [INFO] NativeLogger - 开始执行插件方法，插件：NativeLogger，方法：WriteLog，参数：["EventManager",2,"[EventManager.addEventListener]type:\"Pause\",fn:undefined"]
[2021-11-23T16:08:20.922] [INFO] NativeLogger - 插件方法执行成功，插件：NativeLogger，方法：WriteLog，参数：["EventManager",2,"[EventManager.addEventListener]type:\"Pause\",fn:undefined"]
[2021-11-23T16:08:20.923] [INFO] NativeLogger - 开始获取插件NativeLogger
[2021-11-23T16:08:20.923] [INFO] NativeLogger - 开始执行插件方法，插件：NativeLogger，方法：WriteLog，参数：["EventManager",2,"[EventManager]listers:{\"Pause\":[null]}"]
[2021-11-23T16:08:20.923] [INFO] NativeLogger - 插件方法执行成功，插件：NativeLogger，方法：WriteLog，参数：["EventManager",2,"[EventManager]listers:{\"Pause\":[null]}"]
[2021-11-23T16:08:20.923] [INFO] NativeLogger - 开始获取插件NativeLogger
[2021-11-23T16:08:20.923] [INFO] NativeLogger - 开始执行插件方法，插件：NativeLogger，方法：WriteLog，参数：["EventManager",2,"[EventManager.addEventListener]type:\"Pause\",fn:undefined"]
[2021-11-23T16:08:20.924] [INFO] NativeLogger - 插件方法执行成功，插件：NativeLogger，方法：WriteLog，参数：["EventManager",2,"[EventManager.addEventListener]type:\"Pause\",fn:undefined"]
[2021-11-23T16:08:20.924] [INFO] NativeLogger - 开始获取插件NativeLogger
[2021-11-23T16:08:20.924] [INFO] NativeLogger - 开始执行插件方法，插件：NativeLogger，方法：WriteLog，参数：["EventManager",2,"[EventManager]listers:{\"Pause\":[null]}"]
[2021-11-23T16:08:20.924] [INFO] NativeLogger - 插件方法执行成功，插件：NativeLogger，方法：WriteLog，参数：["EventManager",2,"[EventManager]listers:{\"Pause\":[null]}"]
[2021-11-23T16:11:52.997] [INFO] NativeLogger - 开始获取插件NativeLogger
[2021-11-23T16:11:52.997] [INFO] NativeLogger - 开始执行插件方法，插件：NativeLogger，方法：WriteLog，参数：["EventManager",2,"[EventManager.removeEventListeners]type:\"Pause\""]
[2021-11-23T16:11:52.997] [INFO] NativeLogger - 插件方法执行成功，插件：NativeLogger，方法：WriteLog，参数：["EventManager",2,"[EventManager.removeEventListeners]type:\"Pause\""]
[2021-11-23T16:11:52.998] [INFO] NativeLogger - 开始获取插件NativeLogger
[2021-11-23T16:11:52.998] [INFO] NativeLogger - 开始执行插件方法，插件：NativeLogger，方法：WriteLog，参数：["EventManager",2,"[EventManager.removeEventListener]type:\"Pause\",key:undefined"]
[2021-11-23T16:11:52.998] [INFO] NativeLogger - 插件方法执行成功，插件：NativeLogger，方法：WriteLog，参数：["EventManager",2,"[EventManager.removeEventListener]type:\"Pause\",key:undefined"]
[2021-11-23T18:25:34.906] [INFO] NativeLogger - 开始获取插件NativeLogger
[2021-11-23T18:25:34.907] [INFO] NativeLogger - 开始执行插件方法，插件：NativeLogger，方法：WriteLog，参数：["EventManager",2,"[EventManager.addEventListener]type:\"Pause\",fn:undefined"]
[2021-11-23T18:25:34.907] [INFO] NativeLogger - 插件方法执行成功，插件：NativeLogger，方法：WriteLog，参数：["EventManager",2,"[EventManager.addEventListener]type:\"Pause\",fn:undefined"]
[2021-11-23T18:25:34.908] [INFO] NativeLogger - 开始获取插件NativeLogger
[2021-11-23T18:25:34.908] [INFO] NativeLogger - 开始执行插件方法，插件：NativeLogger，方法：WriteLog，参数：["EventManager",2,"[EventManager]listers:{\"Pause\":[null]}"]
[2021-11-23T18:25:34.908] [INFO] NativeLogger - 插件方法执行成功，插件：NativeLogger，方法：WriteLog，参数：["EventManager",2,"[EventManager]listers:{\"Pause\":[null]}"]
[2021-11-23T18:25:34.908] [INFO] NativeLogger - 开始获取插件NativeLogger
[2021-11-23T18:25:34.908] [INFO] NativeLogger - 开始执行插件方法，插件：NativeLogger，方法：WriteLog，参数：["EventManager",2,"[EventManager.addEventListener]type:\"Pause\",fn:undefined"]
[2021-11-23T18:25:34.908] [INFO] NativeLogger - 插件方法执行成功，插件：NativeLogger，方法：WriteLog，参数：["EventManager",2,"[EventManager.addEventListener]type:\"Pause\",fn:undefined"]
[2021-11-23T18:25:34.908] [INFO] NativeLogger - 开始获取插件NativeLogger
[2021-11-23T18:25:34.908] [INFO] NativeLogger - 开始执行插件方法，插件：NativeLogger，方法：WriteLog，参数：["EventManager",2,"[EventManager]listers:{\"Pause\":[null]}"]
[2021-11-23T18:25:34.908] [INFO] NativeLogger - 插件方法执行成功，插件：NativeLogger，方法：WriteLog，参数：["EventManager",2,"[EventManager]listers:{\"Pause\":[null]}"]
[2021-11-23T18:25:36.516] [INFO] NativeLogger - 开始获取插件NativeLogger
[2021-11-23T18:25:36.516] [INFO] NativeLogger - 开始执行插件方法，插件：NativeLogger，方法：WriteLog，参数：["EventManager",2,"[EventManager.removeEventListeners]type:\"Pause\""]
[2021-11-23T18:25:36.517] [INFO] NativeLogger - 插件方法执行成功，插件：NativeLogger，方法：WriteLog，参数：["EventManager",2,"[EventManager.removeEventListeners]type:\"Pause\""]
[2021-11-23T18:25:36.517] [INFO] NativeLogger - 开始获取插件NativeLogger
[2021-11-23T18:25:36.517] [INFO] NativeLogger - 开始执行插件方法，插件：NativeLogger，方法：WriteLog，参数：["EventManager",2,"[EventManager.removeEventListener]type:\"Pause\",key:undefined"]
[2021-11-23T18:25:36.518] [INFO] NativeLogger - 插件方法执行成功，插件：NativeLogger，方法：WriteLog，参数：["EventManager",2,"[EventManager.removeEventListener]type:\"Pause\",key:undefined"]
[2021-11-23T18:25:46.847] [INFO] NativeLogger - 开始获取插件NativeLogger
[2021-11-23T18:25:46.849] [INFO] NativeLogger - 开始执行插件方法，插件：NativeLogger，方法：WriteLog，参数：["EventManager",2,"[EventManager.addEventListener]type:\"Pause\",fn:undefined"]
[2021-11-23T18:25:46.849] [INFO] NativeLogger - 插件方法执行成功，插件：NativeLogger，方法：WriteLog，参数：["EventManager",2,"[EventManager.addEventListener]type:\"Pause\",fn:undefined"]
[2021-11-23T18:25:46.850] [INFO] NativeLogger - 开始获取插件NativeLogger
[2021-11-23T18:25:46.850] [INFO] NativeLogger - 开始执行插件方法，插件：NativeLogger，方法：WriteLog，参数：["EventManager",2,"[EventManager]listers:{\"Pause\":[null]}"]
[2021-11-23T18:25:46.850] [INFO] NativeLogger - 插件方法执行成功，插件：NativeLogger，方法：WriteLog，参数：["EventManager",2,"[EventManager]listers:{\"Pause\":[null]}"]
[2021-11-23T18:25:46.850] [INFO] NativeLogger - 开始获取插件NativeLogger
[2021-11-23T18:25:46.850] [INFO] NativeLogger - 开始执行插件方法，插件：NativeLogger，方法：WriteLog，参数：["EventManager",2,"[EventManager.addEventListener]type:\"Pause\",fn:undefined"]
[2021-11-23T18:25:46.850] [INFO] NativeLogger - 插件方法执行成功，插件：NativeLogger，方法：WriteLog，参数：["EventManager",2,"[EventManager.addEventListener]type:\"Pause\",fn:undefined"]
[2021-11-23T18:25:46.850] [INFO] NativeLogger - 开始获取插件NativeLogger
[2021-11-23T18:25:46.850] [INFO] NativeLogger - 开始执行插件方法，插件：NativeLogger，方法：WriteLog，参数：["EventManager",2,"[EventManager]listers:{\"Pause\":[null]}"]
[2021-11-23T18:25:46.851] [INFO] NativeLogger - 插件方法执行成功，插件：NativeLogger，方法：WriteLog，参数：["EventManager",2,"[EventManager]listers:{\"Pause\":[null]}"]
[2021-11-24T15:50:30.599] [INFO] NativeLogger - 开始获取插件NativeLogger
[2021-11-24T15:50:30.600] [INFO] NativeLogger - 开始执行插件方法，插件：NativeLogger，方法：WriteLog，参数：["EventManager",2,"[EventManager.addEventListener]type:\"Pause\",fn:undefined"]
[2021-11-24T15:50:30.600] [INFO] NativeLogger - 插件方法执行成功，插件：NativeLogger，方法：WriteLog，参数：["EventManager",2,"[EventManager.addEventListener]type:\"Pause\",fn:undefined"]
[2021-11-24T15:50:30.600] [INFO] NativeLogger - 开始获取插件NativeLogger
[2021-11-24T15:50:30.601] [INFO] NativeLogger - 开始执行插件方法，插件：NativeLogger，方法：WriteLog，参数：["EventManager",2,"[EventManager]listers:{\"Pause\":[null]}"]
[2021-11-24T15:50:30.601] [INFO] NativeLogger - 插件方法执行成功，插件：NativeLogger，方法：WriteLog，参数：["EventManager",2,"[EventManager]listers:{\"Pause\":[null]}"]
[2021-11-24T15:50:30.601] [INFO] NativeLogger - 开始获取插件NativeLogger
[2021-11-24T15:50:30.601] [INFO] NativeLogger - 开始执行插件方法，插件：NativeLogger，方法：WriteLog，参数：["EventManager",2,"[EventManager.addEventListener]type:\"Pause\",fn:undefined"]
[2021-11-24T15:50:30.601] [INFO] NativeLogger - 插件方法执行成功，插件：NativeLogger，方法：WriteLog，参数：["EventManager",2,"[EventManager.addEventListener]type:\"Pause\",fn:undefined"]
[2021-11-24T15:50:30.601] [INFO] NativeLogger - 开始获取插件NativeLogger
[2021-11-24T15:50:30.601] [INFO] NativeLogger - 开始执行插件方法，插件：NativeLogger，方法：WriteLog，参数：["EventManager",2,"[EventManager]listers:{\"Pause\":[null]}"]
[2021-11-24T15:50:30.601] [INFO] NativeLogger - 插件方法执行成功，插件：NativeLogger，方法：WriteLog，参数：["EventManager",2,"[EventManager]listers:{\"Pause\":[null]}"]
[2021-11-25T17:11:05.214] [INFO] NativeLogger - 开始获取插件NativeLogger
[2021-11-25T17:11:05.215] [INFO] NativeLogger - 开始执行插件方法，插件：NativeLogger，方法：WriteLog，参数：["EventManager",2,"[EventManager.addEventListener]type:\"Pause\",fn:undefined"]
[2021-11-25T17:11:05.215] [INFO] NativeLogger - 插件方法执行成功，插件：NativeLogger，方法：WriteLog，参数：["EventManager",2,"[EventManager.addEventListener]type:\"Pause\",fn:undefined"]
[2021-11-25T17:11:05.216] [INFO] NativeLogger - 开始获取插件NativeLogger
[2021-11-25T17:11:05.216] [INFO] NativeLogger - 开始执行插件方法，插件：NativeLogger，方法：WriteLog，参数：["EventManager",2,"[EventManager]listers:{\"Pause\":[null]}"]
[2021-11-25T17:11:05.216] [INFO] NativeLogger - 插件方法执行成功，插件：NativeLogger，方法：WriteLog，参数：["EventManager",2,"[EventManager]listers:{\"Pause\":[null]}"]
[2021-11-25T17:11:05.216] [INFO] NativeLogger - 开始获取插件NativeLogger
[2021-11-25T17:11:05.216] [INFO] NativeLogger - 开始执行插件方法，插件：NativeLogger，方法：WriteLog，参数：["EventManager",2,"[EventManager.addEventListener]type:\"Pause\",fn:undefined"]
[2021-11-25T17:11:05.216] [INFO] NativeLogger - 插件方法执行成功，插件：NativeLogger，方法：WriteLog，参数：["EventManager",2,"[EventManager.addEventListener]type:\"Pause\",fn:undefined"]
[2021-11-25T17:11:05.216] [INFO] NativeLogger - 开始获取插件NativeLogger
[2021-11-25T17:11:05.216] [INFO] NativeLogger - 开始执行插件方法，插件：NativeLogger，方法：WriteLog，参数：["EventManager",2,"[EventManager]listers:{\"Pause\":[null]}"]
[2021-11-25T17:11:05.217] [INFO] NativeLogger - 插件方法执行成功，插件：NativeLogger，方法：WriteLog，参数：["EventManager",2,"[EventManager]listers:{\"Pause\":[null]}"]
[2021-11-25T17:11:06.456] [INFO] NativeLogger - 开始获取插件NativeLogger
[2021-11-25T17:11:06.456] [INFO] NativeLogger - 开始执行插件方法，插件：NativeLogger，方法：WriteLog，参数：["EventManager",2,"[EventManager.removeEventListeners]type:\"Pause\""]
[2021-11-25T17:11:06.457] [INFO] NativeLogger - 插件方法执行成功，插件：NativeLogger，方法：WriteLog，参数：["EventManager",2,"[EventManager.removeEventListeners]type:\"Pause\""]
[2021-11-25T17:11:06.457] [INFO] NativeLogger - 开始获取插件NativeLogger
[2021-11-25T17:11:06.457] [INFO] NativeLogger - 开始执行插件方法，插件：NativeLogger，方法：WriteLog，参数：["EventManager",2,"[EventManager.removeEventListener]type:\"Pause\",key:undefined"]
[2021-11-25T17:11:06.458] [INFO] NativeLogger - 插件方法执行成功，插件：NativeLogger，方法：WriteLog，参数：["EventManager",2,"[EventManager.removeEventListener]type:\"Pause\",key:undefined"]
[2021-11-25T17:16:19.862] [INFO] NativeLogger - 开始获取插件NativeLogger
[2021-11-25T17:16:19.863] [INFO] NativeLogger - 开始执行插件方法，插件：NativeLogger，方法：WriteLog，参数：["EventManager",2,"[EventManager.addEventListener]type:\"Pause\",fn:undefined"]
[2021-11-25T17:16:19.863] [INFO] NativeLogger - 插件方法执行成功，插件：NativeLogger，方法：WriteLog，参数：["EventManager",2,"[EventManager.addEventListener]type:\"Pause\",fn:undefined"]
[2021-11-25T17:16:19.864] [INFO] NativeLogger - 开始获取插件NativeLogger
[2021-11-25T17:16:19.864] [INFO] NativeLogger - 开始执行插件方法，插件：NativeLogger，方法：WriteLog，参数：["EventManager",2,"[EventManager]listers:{\"Pause\":[null]}"]
[2021-11-25T17:16:19.864] [INFO] NativeLogger - 插件方法执行成功，插件：NativeLogger，方法：WriteLog，参数：["EventManager",2,"[EventManager]listers:{\"Pause\":[null]}"]
[2021-11-25T17:16:19.864] [INFO] NativeLogger - 开始获取插件NativeLogger
[2021-11-25T17:16:19.864] [INFO] NativeLogger - 开始执行插件方法，插件：NativeLogger，方法：WriteLog，参数：["EventManager",2,"[EventManager.addEventListener]type:\"Pause\",fn:undefined"]
[2021-11-25T17:16:19.864] [INFO] NativeLogger - 插件方法执行成功，插件：NativeLogger，方法：WriteLog，参数：["EventManager",2,"[EventManager.addEventListener]type:\"Pause\",fn:undefined"]
[2021-11-25T17:16:19.864] [INFO] NativeLogger - 开始获取插件NativeLogger
[2021-11-25T17:16:19.864] [INFO] NativeLogger - 开始执行插件方法，插件：NativeLogger，方法：WriteLog，参数：["EventManager",2,"[EventManager]listers:{\"Pause\":[null]}"]
[2021-11-25T17:16:19.864] [INFO] NativeLogger - 插件方法执行成功，插件：NativeLogger，方法：WriteLog，参数：["EventManager",2,"[EventManager]listers:{\"Pause\":[null]}"]
[2021-11-25T17:16:20.749] [INFO] NativeLogger - 开始获取插件NativeLogger
[2021-11-25T17:16:20.749] [INFO] NativeLogger - 开始执行插件方法，插件：NativeLogger，方法：WriteLog，参数：["EventManager",2,"[EventManager.removeEventListeners]type:\"Pause\""]
[2021-11-25T17:16:20.750] [INFO] NativeLogger - 插件方法执行成功，插件：NativeLogger，方法：WriteLog，参数：["EventManager",2,"[EventManager.removeEventListeners]type:\"Pause\""]
[2021-11-25T17:16:20.750] [INFO] NativeLogger - 开始获取插件NativeLogger
[2021-11-25T17:16:20.750] [INFO] NativeLogger - 开始执行插件方法，插件：NativeLogger，方法：WriteLog，参数：["EventManager",2,"[EventManager.removeEventListener]type:\"Pause\",key:undefined"]
[2021-11-25T17:16:20.750] [INFO] NativeLogger - 插件方法执行成功，插件：NativeLogger，方法：WriteLog，参数：["EventManager",2,"[EventManager.removeEventListener]type:\"Pause\",key:undefined"]
[2021-11-25T17:21:09.893] [INFO] NativeLogger - 开始获取插件NativeLogger
[2021-11-25T17:21:09.893] [INFO] NativeLogger - 开始执行插件方法，插件：NativeLogger，方法：WriteLog，参数：["EventManager",2,"[EventManager.addEventListener]type:\"Pause\",fn:undefined"]
[2021-11-25T17:21:09.894] [INFO] NativeLogger - 插件方法执行成功，插件：NativeLogger，方法：WriteLog，参数：["EventManager",2,"[EventManager.addEventListener]type:\"Pause\",fn:undefined"]
[2021-11-25T17:21:09.894] [INFO] NativeLogger - 开始获取插件NativeLogger
[2021-11-25T17:21:09.894] [INFO] NativeLogger - 开始执行插件方法，插件：NativeLogger，方法：WriteLog，参数：["EventManager",2,"[EventManager]listers:{\"Pause\":[null]}"]
[2021-11-25T17:21:09.894] [INFO] NativeLogger - 插件方法执行成功，插件：NativeLogger，方法：WriteLog，参数：["EventManager",2,"[EventManager]listers:{\"Pause\":[null]}"]
[2021-11-25T17:21:09.894] [INFO] NativeLogger - 开始获取插件NativeLogger
[2021-11-25T17:21:09.894] [INFO] NativeLogger - 开始执行插件方法，插件：NativeLogger，方法：WriteLog，参数：["EventManager",2,"[EventManager.addEventListener]type:\"Pause\",fn:undefined"]
[2021-11-25T17:21:09.894] [INFO] NativeLogger - 插件方法执行成功，插件：NativeLogger，方法：WriteLog，参数：["EventManager",2,"[EventManager.addEventListener]type:\"Pause\",fn:undefined"]
[2021-11-25T17:21:09.894] [INFO] NativeLogger - 开始获取插件NativeLogger
[2021-11-25T17:21:09.894] [INFO] NativeLogger - 开始执行插件方法，插件：NativeLogger，方法：WriteLog，参数：["EventManager",2,"[EventManager]listers:{\"Pause\":[null]}"]
[2021-11-25T17:21:09.894] [INFO] NativeLogger - 插件方法执行成功，插件：NativeLogger，方法：WriteLog，参数：["EventManager",2,"[EventManager]listers:{\"Pause\":[null]}"]
[2021-11-25T17:21:11.186] [INFO] NativeLogger - 开始获取插件NativeLogger
[2021-11-25T17:21:11.186] [INFO] NativeLogger - 开始执行插件方法，插件：NativeLogger，方法：WriteLog，参数：["EventManager",2,"[EventManager.removeEventListeners]type:\"Pause\""]
[2021-11-25T17:21:11.186] [INFO] NativeLogger - 插件方法执行成功，插件：NativeLogger，方法：WriteLog，参数：["EventManager",2,"[EventManager.removeEventListeners]type:\"Pause\""]
[2021-11-25T17:21:11.187] [INFO] NativeLogger - 开始获取插件NativeLogger
[2021-11-25T17:21:11.187] [INFO] NativeLogger - 开始执行插件方法，插件：NativeLogger，方法：WriteLog，参数：["EventManager",2,"[EventManager.removeEventListener]type:\"Pause\",key:undefined"]
[2021-11-25T17:21:11.187] [INFO] NativeLogger - 插件方法执行成功，插件：NativeLogger，方法：WriteLog，参数：["EventManager",2,"[EventManager.removeEventListener]type:\"Pause\",key:undefined"]
[2021-11-25T17:21:15.295] [INFO] NativeLogger - 开始获取插件NativeLogger
[2021-11-25T17:21:15.295] [INFO] NativeLogger - 开始执行插件方法，插件：NativeLogger，方法：WriteLog，参数：["TradeLogger",3,"流程异常\"未找到路径为node_modules/@acap-runtime/a/CreateAccount.fl的文件\""]
[2021-11-25T17:21:15.295] [INFO] NativeLogger - 插件方法执行成功，插件：NativeLogger，方法：WriteLog，参数：["TradeLogger",3,"流程异常\"未找到路径为node_modules/@acap-runtime/a/CreateAccount.fl的文件\""]
[2021-11-25T17:22:07.243] [INFO] NativeLogger - 开始获取插件NativeLogger
[2021-11-25T17:22:07.244] [INFO] NativeLogger - 开始执行插件方法，插件：NativeLogger，方法：WriteLog，参数：["EventManager",2,"[EventManager.addEventListener]type:\"Pause\",fn:undefined"]
[2021-11-25T17:22:07.244] [INFO] NativeLogger - 插件方法执行成功，插件：NativeLogger，方法：WriteLog，参数：["EventManager",2,"[EventManager.addEventListener]type:\"Pause\",fn:undefined"]
[2021-11-25T17:22:07.244] [INFO] NativeLogger - 开始获取插件NativeLogger
[2021-11-25T17:22:07.244] [INFO] NativeLogger - 开始执行插件方法，插件：NativeLogger，方法：WriteLog，参数：["EventManager",2,"[EventManager]listers:{\"Pause\":[null]}"]
[2021-11-25T17:22:07.244] [INFO] NativeLogger - 插件方法执行成功，插件：NativeLogger，方法：WriteLog，参数：["EventManager",2,"[EventManager]listers:{\"Pause\":[null]}"]
[2021-11-25T17:22:07.244] [INFO] NativeLogger - 开始获取插件NativeLogger
[2021-11-25T17:22:07.244] [INFO] NativeLogger - 开始执行插件方法，插件：NativeLogger，方法：WriteLog，参数：["EventManager",2,"[EventManager.addEventListener]type:\"Pause\",fn:undefined"]
[2021-11-25T17:22:07.244] [INFO] NativeLogger - 插件方法执行成功，插件：NativeLogger，方法：WriteLog，参数：["EventManager",2,"[EventManager.addEventListener]type:\"Pause\",fn:undefined"]
[2021-11-25T17:22:07.244] [INFO] NativeLogger - 开始获取插件NativeLogger
[2021-11-25T17:22:07.244] [INFO] NativeLogger - 开始执行插件方法，插件：NativeLogger，方法：WriteLog，参数：["EventManager",2,"[EventManager]listers:{\"Pause\":[null]}"]
[2021-11-25T17:22:07.245] [INFO] NativeLogger - 插件方法执行成功，插件：NativeLogger，方法：WriteLog，参数：["EventManager",2,"[EventManager]listers:{\"Pause\":[null]}"]
[2021-11-25T17:22:09.941] [INFO] NativeLogger - 开始获取插件NativeLogger
[2021-11-25T17:22:09.941] [INFO] NativeLogger - 开始执行插件方法，插件：NativeLogger，方法：WriteLog，参数：["EventManager",2,"[EventManager.removeEventListeners]type:\"Pause\""]
[2021-11-25T17:22:09.941] [INFO] NativeLogger - 插件方法执行成功，插件：NativeLogger，方法：WriteLog，参数：["EventManager",2,"[EventManager.removeEventListeners]type:\"Pause\""]
[2021-11-25T17:22:09.942] [INFO] NativeLogger - 开始获取插件NativeLogger
[2021-11-25T17:22:09.942] [INFO] NativeLogger - 开始执行插件方法，插件：NativeLogger，方法：WriteLog，参数：["EventManager",2,"[EventManager.removeEventListener]type:\"Pause\",key:undefined"]
[2021-11-25T17:22:09.942] [INFO] NativeLogger - 插件方法执行成功，插件：NativeLogger，方法：WriteLog，参数：["EventManager",2,"[EventManager.removeEventListener]type:\"Pause\",key:undefined"]
[2021-11-25T17:22:12.013] [INFO] NativeLogger - 开始获取插件NativeLogger
[2021-11-25T17:22:12.013] [INFO] NativeLogger - 开始执行插件方法，插件：NativeLogger，方法：WriteLog，参数：["TradeLogger",3,"流程异常{\"name\":\"KeyNotFoundError\",\"message\":\"无法找到契约键值为@biz-trade/system-maintenance的根节点构造器\",\"stack\":\"KeyNotFoundError: 无法找到契约键值为@biz-trade/system-maintenance的根节点构造器\\n    at RootNodeCreatorManager.getCreator (http://localhost:53008/node_modules/@acap/acap-lib-flite/awp-flite-framework/root-node-creator-manager.js:33:13)\\n    at Flow.executeAsync (http://localhost:53008/node_modules/@acap/acap-lib-flite/awp-flite-framework/flow.js:68:52)\\n    at VueComponent.<anonymous> (http://localhost:53008/node_modules/@acap/acap-ui-flite-uilet/index.js:6:3428)\\n    at l (http://localhost:53008/node_modules/@acap/acap-ui-flite-uilet/index.js:6:7254)\\n    at Generator._invoke (http://localhost:53008/node_modules/@acap/acap-ui-flite-uilet/index.js:6:7042)\\n    at Generator.L.forEach.t.<computed> [as next] (http://localhost:53008/node_modules/@acap/acap-ui-flite-uilet/index.js:6:7677)\\n    at r (http://localhost:53008/node_modules/@acap/acap-ui-flite-uilet/index.js:6:13444)\\n    at u (http://localhost:53008/node_modules/@acap/acap-ui-flite-uilet/index.js:6:13655)\\n    at http://localhost:53008/node_modules/@acap/acap-ui-flite-uilet/index.js:6:13714\\n    at new Promise (<anonymous>)\"}"]
[2021-11-25T17:22:12.013] [INFO] NativeLogger - 插件方法执行成功，插件：NativeLogger，方法：WriteLog，参数：["TradeLogger",3,"流程异常{\"name\":\"KeyNotFoundError\",\"message\":\"无法找到契约键值为@biz-trade/system-maintenance的根节点构造器\",\"stack\":\"KeyNotFoundError: 无法找到契约键值为@biz-trade/system-maintenance的根节点构造器\\n    at RootNodeCreatorManager.getCreator (http://localhost:53008/node_modules/@acap/acap-lib-flite/awp-flite-framework/root-node-creator-manager.js:33:13)\\n    at Flow.executeAsync (http://localhost:53008/node_modules/@acap/acap-lib-flite/awp-flite-framework/flow.js:68:52)\\n    at VueComponent.<anonymous> (http://localhost:53008/node_modules/@acap/acap-ui-flite-uilet/index.js:6:3428)\\n    at l (http://localhost:53008/node_modules/@acap/acap-ui-flite-uilet/index.js:6:7254)\\n    at Generator._invoke (http://localhost:53008/node_modules/@acap/acap-ui-flite-uilet/index.js:6:7042)\\n    at Generator.L.forEach.t.<computed> [as next] (http://localhost:53008/node_modules/@acap/acap-ui-flite-uilet/index.js:6:7677)\\n    at r (http://localhost:53008/node_modules/@acap/acap-ui-flite-uilet/index.js:6:13444)\\n    at u (http://localhost:53008/node_modules/@acap/acap-ui-flite-uilet/index.js:6:13655)\\n    at http://localhost:53008/node_modules/@acap/acap-ui-flite-uilet/index.js:6:13714\\n    at new Promise (<anonymous>)\"}"]
[2021-11-25T17:26:17.150] [INFO] NativeLogger - 开始获取插件NativeLogger
[2021-11-25T17:26:17.151] [INFO] NativeLogger - 开始执行插件方法，插件：NativeLogger，方法：WriteLog，参数：["EventManager",2,"[EventManager.addEventListener]type:\"Pause\",fn:undefined"]
[2021-11-25T17:26:17.151] [INFO] NativeLogger - 插件方法执行成功，插件：NativeLogger，方法：WriteLog，参数：["EventManager",2,"[EventManager.addEventListener]type:\"Pause\",fn:undefined"]
[2021-11-25T17:26:17.152] [INFO] NativeLogger - 开始获取插件NativeLogger
[2021-11-25T17:26:17.152] [INFO] NativeLogger - 开始执行插件方法，插件：NativeLogger，方法：WriteLog，参数：["EventManager",2,"[EventManager]listers:{\"Pause\":[null]}"]
[2021-11-25T17:26:17.152] [INFO] NativeLogger - 插件方法执行成功，插件：NativeLogger，方法：WriteLog，参数：["EventManager",2,"[EventManager]listers:{\"Pause\":[null]}"]
[2021-11-25T17:26:17.152] [INFO] NativeLogger - 开始获取插件NativeLogger
[2021-11-25T17:26:17.152] [INFO] NativeLogger - 开始执行插件方法，插件：NativeLogger，方法：WriteLog，参数：["EventManager",2,"[EventManager.addEventListener]type:\"Pause\",fn:undefined"]
[2021-11-25T17:26:17.152] [INFO] NativeLogger - 插件方法执行成功，插件：NativeLogger，方法：WriteLog，参数：["EventManager",2,"[EventManager.addEventListener]type:\"Pause\",fn:undefined"]
[2021-11-25T17:26:17.152] [INFO] NativeLogger - 开始获取插件NativeLogger
[2021-11-25T17:26:17.152] [INFO] NativeLogger - 开始执行插件方法，插件：NativeLogger，方法：WriteLog，参数：["EventManager",2,"[EventManager]listers:{\"Pause\":[null]}"]
[2021-11-25T17:26:17.153] [INFO] NativeLogger - 插件方法执行成功，插件：NativeLogger，方法：WriteLog，参数：["EventManager",2,"[EventManager]listers:{\"Pause\":[null]}"]
[2021-11-25T17:26:18.826] [INFO] NativeLogger - 开始获取插件NativeLogger
[2021-11-25T17:26:18.826] [INFO] NativeLogger - 开始执行插件方法，插件：NativeLogger，方法：WriteLog，参数：["EventManager",2,"[EventManager.removeEventListeners]type:\"Pause\""]
[2021-11-25T17:26:18.826] [INFO] NativeLogger - 插件方法执行成功，插件：NativeLogger，方法：WriteLog，参数：["EventManager",2,"[EventManager.removeEventListeners]type:\"Pause\""]
[2021-11-25T17:26:18.827] [INFO] NativeLogger - 开始获取插件NativeLogger
[2021-11-25T17:26:18.827] [INFO] NativeLogger - 开始执行插件方法，插件：NativeLogger，方法：WriteLog，参数：["EventManager",2,"[EventManager.removeEventListener]type:\"Pause\",key:undefined"]
[2021-11-25T17:26:18.827] [INFO] NativeLogger - 插件方法执行成功，插件：NativeLogger，方法：WriteLog，参数：["EventManager",2,"[EventManager.removeEventListener]type:\"Pause\",key:undefined"]
[2021-11-25T17:26:22.154] [INFO] NativeLogger - 开始获取插件NativeLogger
[2021-11-25T17:26:22.154] [INFO] NativeLogger - 开始执行插件方法，插件：NativeLogger，方法：WriteLog，参数：["TradeLogger",3,"流程异常{\"name\":\"KeyNotFoundError\",\"message\":\"无法找到契约键值为@biz-trade/system-maintenance的根节点构造器\",\"stack\":\"KeyNotFoundError: 无法找到契约键值为@biz-trade/system-maintenance的根节点构造器\\n    at RootNodeCreatorManager.getCreator (http://localhost:53008/node_modules/@acap/acap-lib-flite/awp-flite-framework/root-node-creator-manager.js:33:13)\\n    at Flow.executeAsync (http://localhost:53008/node_modules/@acap/acap-lib-flite/awp-flite-framework/flow.js:68:52)\\n    at VueComponent.<anonymous> (http://localhost:53008/node_modules/@acap/acap-ui-flite-uilet/index.js:6:3428)\\n    at l (http://localhost:53008/node_modules/@acap/acap-ui-flite-uilet/index.js:6:7254)\\n    at Generator._invoke (http://localhost:53008/node_modules/@acap/acap-ui-flite-uilet/index.js:6:7042)\\n    at Generator.L.forEach.t.<computed> [as next] (http://localhost:53008/node_modules/@acap/acap-ui-flite-uilet/index.js:6:7677)\\n    at r (http://localhost:53008/node_modules/@acap/acap-ui-flite-uilet/index.js:6:13444)\\n    at u (http://localhost:53008/node_modules/@acap/acap-ui-flite-uilet/index.js:6:13655)\\n    at http://localhost:53008/node_modules/@acap/acap-ui-flite-uilet/index.js:6:13714\\n    at new Promise (<anonymous>)\"}"]
[2021-11-25T17:26:22.154] [INFO] NativeLogger - 插件方法执行成功，插件：NativeLogger，方法：WriteLog，参数：["TradeLogger",3,"流程异常{\"name\":\"KeyNotFoundError\",\"message\":\"无法找到契约键值为@biz-trade/system-maintenance的根节点构造器\",\"stack\":\"KeyNotFoundError: 无法找到契约键值为@biz-trade/system-maintenance的根节点构造器\\n    at RootNodeCreatorManager.getCreator (http://localhost:53008/node_modules/@acap/acap-lib-flite/awp-flite-framework/root-node-creator-manager.js:33:13)\\n    at Flow.executeAsync (http://localhost:53008/node_modules/@acap/acap-lib-flite/awp-flite-framework/flow.js:68:52)\\n    at VueComponent.<anonymous> (http://localhost:53008/node_modules/@acap/acap-ui-flite-uilet/index.js:6:3428)\\n    at l (http://localhost:53008/node_modules/@acap/acap-ui-flite-uilet/index.js:6:7254)\\n    at Generator._invoke (http://localhost:53008/node_modules/@acap/acap-ui-flite-uilet/index.js:6:7042)\\n    at Generator.L.forEach.t.<computed> [as next] (http://localhost:53008/node_modules/@acap/acap-ui-flite-uilet/index.js:6:7677)\\n    at r (http://localhost:53008/node_modules/@acap/acap-ui-flite-uilet/index.js:6:13444)\\n    at u (http://localhost:53008/node_modules/@acap/acap-ui-flite-uilet/index.js:6:13655)\\n    at http://localhost:53008/node_modules/@acap/acap-ui-flite-uilet/index.js:6:13714\\n    at new Promise (<anonymous>)\"}"]
[2021-11-25T17:27:14.552] [INFO] NativeLogger - 开始获取插件NativeLogger
[2021-11-25T17:27:14.552] [INFO] NativeLogger - 开始执行插件方法，插件：NativeLogger，方法：WriteLog，参数：["EventManager",2,"[EventManager.addEventListener]type:\"Pause\",fn:undefined"]
[2021-11-25T17:27:14.552] [INFO] NativeLogger - 插件方法执行成功，插件：NativeLogger，方法：WriteLog，参数：["EventManager",2,"[EventManager.addEventListener]type:\"Pause\",fn:undefined"]
[2021-11-25T17:27:14.553] [INFO] NativeLogger - 开始获取插件NativeLogger
[2021-11-25T17:27:14.553] [INFO] NativeLogger - 开始执行插件方法，插件：NativeLogger，方法：WriteLog，参数：["EventManager",2,"[EventManager]listers:{\"Pause\":[null]}"]
[2021-11-25T17:27:14.553] [INFO] NativeLogger - 插件方法执行成功，插件：NativeLogger，方法：WriteLog，参数：["EventManager",2,"[EventManager]listers:{\"Pause\":[null]}"]
[2021-11-25T17:27:14.553] [INFO] NativeLogger - 开始获取插件NativeLogger
[2021-11-25T17:27:14.553] [INFO] NativeLogger - 开始执行插件方法，插件：NativeLogger，方法：WriteLog，参数：["EventManager",2,"[EventManager.addEventListener]type:\"Pause\",fn:undefined"]
[2021-11-25T17:27:14.553] [INFO] NativeLogger - 插件方法执行成功，插件：NativeLogger，方法：WriteLog，参数：["EventManager",2,"[EventManager.addEventListener]type:\"Pause\",fn:undefined"]
[2021-11-25T17:27:14.553] [INFO] NativeLogger - 开始获取插件NativeLogger
[2021-11-25T17:27:14.553] [INFO] NativeLogger - 开始执行插件方法，插件：NativeLogger，方法：WriteLog，参数：["EventManager",2,"[EventManager]listers:{\"Pause\":[null]}"]
[2021-11-25T17:27:14.553] [INFO] NativeLogger - 插件方法执行成功，插件：NativeLogger，方法：WriteLog，参数：["EventManager",2,"[EventManager]listers:{\"Pause\":[null]}"]
[2021-11-25T17:27:15.437] [INFO] NativeLogger - 开始获取插件NativeLogger
[2021-11-25T17:27:15.437] [INFO] NativeLogger - 开始执行插件方法，插件：NativeLogger，方法：WriteLog，参数：["EventManager",2,"[EventManager.removeEventListeners]type:\"Pause\""]
[2021-11-25T17:27:15.438] [INFO] NativeLogger - 插件方法执行成功，插件：NativeLogger，方法：WriteLog，参数：["EventManager",2,"[EventManager.removeEventListeners]type:\"Pause\""]
[2021-11-25T17:27:15.438] [INFO] NativeLogger - 开始获取插件NativeLogger
[2021-11-25T17:27:15.438] [INFO] NativeLogger - 开始执行插件方法，插件：NativeLogger，方法：WriteLog，参数：["EventManager",2,"[EventManager.removeEventListener]type:\"Pause\",key:undefined"]
[2021-11-25T17:27:15.438] [INFO] NativeLogger - 插件方法执行成功，插件：NativeLogger，方法：WriteLog，参数：["EventManager",2,"[EventManager.removeEventListener]type:\"Pause\",key:undefined"]
[2021-11-25T17:27:31.648] [INFO] NativeLogger - 开始获取插件NativeLogger
[2021-11-25T17:27:31.648] [INFO] NativeLogger - 开始执行插件方法，插件：NativeLogger，方法：WriteLog，参数：["EventManager",2,"[EventManager.addEventListener]type:\"Pause\",fn:undefined"]
[2021-11-25T17:27:31.649] [INFO] NativeLogger - 插件方法执行成功，插件：NativeLogger，方法：WriteLog，参数：["EventManager",2,"[EventManager.addEventListener]type:\"Pause\",fn:undefined"]
[2021-11-25T17:27:31.649] [INFO] NativeLogger - 开始获取插件NativeLogger
[2021-11-25T17:27:31.649] [INFO] NativeLogger - 开始执行插件方法，插件：NativeLogger，方法：WriteLog，参数：["EventManager",2,"[EventManager]listers:{\"Pause\":[null]}"]
[2021-11-25T17:27:31.649] [INFO] NativeLogger - 插件方法执行成功，插件：NativeLogger，方法：WriteLog，参数：["EventManager",2,"[EventManager]listers:{\"Pause\":[null]}"]
[2021-11-25T17:27:31.649] [INFO] NativeLogger - 开始获取插件NativeLogger
[2021-11-25T17:27:31.649] [INFO] NativeLogger - 开始执行插件方法，插件：NativeLogger，方法：WriteLog，参数：["EventManager",2,"[EventManager.addEventListener]type:\"Pause\",fn:undefined"]
[2021-11-25T17:27:31.649] [INFO] NativeLogger - 插件方法执行成功，插件：NativeLogger，方法：WriteLog，参数：["EventManager",2,"[EventManager.addEventListener]type:\"Pause\",fn:undefined"]
[2021-11-25T17:27:31.650] [INFO] NativeLogger - 开始获取插件NativeLogger
[2021-11-25T17:27:31.650] [INFO] NativeLogger - 开始执行插件方法，插件：NativeLogger，方法：WriteLog，参数：["EventManager",2,"[EventManager]listers:{\"Pause\":[null]}"]
[2021-11-25T17:27:31.650] [INFO] NativeLogger - 插件方法执行成功，插件：NativeLogger，方法：WriteLog，参数：["EventManager",2,"[EventManager]listers:{\"Pause\":[null]}"]
[2021-11-25T17:27:32.271] [INFO] NativeLogger - 开始获取插件NativeLogger
[2021-11-25T17:27:32.271] [INFO] NativeLogger - 开始执行插件方法，插件：NativeLogger，方法：WriteLog，参数：["EventManager",2,"[EventManager.removeEventListeners]type:\"Pause\""]
[2021-11-25T17:27:32.271] [INFO] NativeLogger - 插件方法执行成功，插件：NativeLogger，方法：WriteLog，参数：["EventManager",2,"[EventManager.removeEventListeners]type:\"Pause\""]
[2021-11-25T17:27:32.272] [INFO] NativeLogger - 开始获取插件NativeLogger
[2021-11-25T17:27:32.273] [INFO] NativeLogger - 开始执行插件方法，插件：NativeLogger，方法：WriteLog，参数：["EventManager",2,"[EventManager.removeEventListener]type:\"Pause\",key:undefined"]
[2021-11-25T17:27:32.273] [INFO] NativeLogger - 插件方法执行成功，插件：NativeLogger，方法：WriteLog，参数：["EventManager",2,"[EventManager.removeEventListener]type:\"Pause\",key:undefined"]
[2021-11-25T17:42:26.156] [INFO] NativeLogger - 开始获取插件NativeLogger
[2021-11-25T17:42:26.157] [INFO] NativeLogger - 开始执行插件方法，插件：NativeLogger，方法：WriteLog，参数：["EventManager",2,"[EventManager.addEventListener]type:\"Pause\",fn:undefined"]
[2021-11-25T17:42:26.157] [INFO] NativeLogger - 插件方法执行成功，插件：NativeLogger，方法：WriteLog，参数：["EventManager",2,"[EventManager.addEventListener]type:\"Pause\",fn:undefined"]
[2021-11-25T17:42:26.158] [INFO] NativeLogger - 开始获取插件NativeLogger
[2021-11-25T17:42:26.158] [INFO] NativeLogger - 开始执行插件方法，插件：NativeLogger，方法：WriteLog，参数：["EventManager",2,"[EventManager]listers:{\"Pause\":[null]}"]
[2021-11-25T17:42:26.158] [INFO] NativeLogger - 插件方法执行成功，插件：NativeLogger，方法：WriteLog，参数：["EventManager",2,"[EventManager]listers:{\"Pause\":[null]}"]
[2021-11-25T17:42:26.158] [INFO] NativeLogger - 开始获取插件NativeLogger
[2021-11-25T17:42:26.158] [INFO] NativeLogger - 开始执行插件方法，插件：NativeLogger，方法：WriteLog，参数：["EventManager",2,"[EventManager.addEventListener]type:\"Pause\",fn:undefined"]
[2021-11-25T17:42:26.158] [INFO] NativeLogger - 插件方法执行成功，插件：NativeLogger，方法：WriteLog，参数：["EventManager",2,"[EventManager.addEventListener]type:\"Pause\",fn:undefined"]
[2021-11-25T17:42:26.158] [INFO] NativeLogger - 开始获取插件NativeLogger
[2021-11-25T17:42:26.158] [INFO] NativeLogger - 开始执行插件方法，插件：NativeLogger，方法：WriteLog，参数：["EventManager",2,"[EventManager]listers:{\"Pause\":[null]}"]
[2021-11-25T17:42:26.159] [INFO] NativeLogger - 插件方法执行成功，插件：NativeLogger，方法：WriteLog，参数：["EventManager",2,"[EventManager]listers:{\"Pause\":[null]}"]
[2021-11-25T17:42:29.278] [INFO] NativeLogger - 开始获取插件NativeLogger
[2021-11-25T17:42:29.278] [INFO] NativeLogger - 开始执行插件方法，插件：NativeLogger，方法：WriteLog，参数：["EventManager",2,"[EventManager.removeEventListeners]type:\"Pause\""]
[2021-11-25T17:42:29.278] [INFO] NativeLogger - 插件方法执行成功，插件：NativeLogger，方法：WriteLog，参数：["EventManager",2,"[EventManager.removeEventListeners]type:\"Pause\""]
[2021-11-25T17:42:29.278] [INFO] NativeLogger - 开始获取插件NativeLogger
[2021-11-25T17:42:29.279] [INFO] NativeLogger - 开始执行插件方法，插件：NativeLogger，方法：WriteLog，参数：["EventManager",2,"[EventManager.removeEventListener]type:\"Pause\",key:undefined"]
[2021-11-25T17:42:29.279] [INFO] NativeLogger - 插件方法执行成功，插件：NativeLogger，方法：WriteLog，参数：["EventManager",2,"[EventManager.removeEventListener]type:\"Pause\",key:undefined"]
[2021-11-25T17:44:04.257] [INFO] NativeLogger - 开始获取插件NativeLogger
[2021-11-25T17:44:04.258] [INFO] NativeLogger - 开始执行插件方法，插件：NativeLogger，方法：WriteLog，参数：["EventManager",2,"[EventManager.addEventListener]type:\"Pause\",fn:undefined"]
[2021-11-25T17:44:04.258] [INFO] NativeLogger - 插件方法执行成功，插件：NativeLogger，方法：WriteLog，参数：["EventManager",2,"[EventManager.addEventListener]type:\"Pause\",fn:undefined"]
[2021-11-25T17:44:04.259] [INFO] NativeLogger - 开始获取插件NativeLogger
[2021-11-25T17:44:04.259] [INFO] NativeLogger - 开始执行插件方法，插件：NativeLogger，方法：WriteLog，参数：["EventManager",2,"[EventManager]listers:{\"Pause\":[null]}"]
[2021-11-25T17:44:04.259] [INFO] NativeLogger - 插件方法执行成功，插件：NativeLogger，方法：WriteLog，参数：["EventManager",2,"[EventManager]listers:{\"Pause\":[null]}"]
[2021-11-25T17:44:04.259] [INFO] NativeLogger - 开始获取插件NativeLogger
[2021-11-25T17:44:04.259] [INFO] NativeLogger - 开始执行插件方法，插件：NativeLogger，方法：WriteLog，参数：["EventManager",2,"[EventManager.addEventListener]type:\"Pause\",fn:undefined"]
[2021-11-25T17:44:04.259] [INFO] NativeLogger - 插件方法执行成功，插件：NativeLogger，方法：WriteLog，参数：["EventManager",2,"[EventManager.addEventListener]type:\"Pause\",fn:undefined"]
[2021-11-25T17:44:04.259] [INFO] NativeLogger - 开始获取插件NativeLogger
[2021-11-25T17:44:04.259] [INFO] NativeLogger - 开始执行插件方法，插件：NativeLogger，方法：WriteLog，参数：["EventManager",2,"[EventManager]listers:{\"Pause\":[null]}"]
[2021-11-25T17:44:04.259] [INFO] NativeLogger - 插件方法执行成功，插件：NativeLogger，方法：WriteLog，参数：["EventManager",2,"[EventManager]listers:{\"Pause\":[null]}"]
[2021-11-25T17:44:04.743] [INFO] NativeLogger - 开始获取插件NativeLogger
[2021-11-25T17:44:04.743] [INFO] NativeLogger - 开始执行插件方法，插件：NativeLogger，方法：WriteLog，参数：["EventManager",2,"[EventManager.removeEventListeners]type:\"Pause\""]
[2021-11-25T17:44:04.744] [INFO] NativeLogger - 插件方法执行成功，插件：NativeLogger，方法：WriteLog，参数：["EventManager",2,"[EventManager.removeEventListeners]type:\"Pause\""]
[2021-11-25T17:44:04.744] [INFO] NativeLogger - 开始获取插件NativeLogger
[2021-11-25T17:44:04.744] [INFO] NativeLogger - 开始执行插件方法，插件：NativeLogger，方法：WriteLog，参数：["EventManager",2,"[EventManager.removeEventListener]type:\"Pause\",key:undefined"]
[2021-11-25T17:44:04.745] [INFO] NativeLogger - 插件方法执行成功，插件：NativeLogger，方法：WriteLog，参数：["EventManager",2,"[EventManager.removeEventListener]type:\"Pause\",key:undefined"]
[2021-11-25T17:44:33.501] [INFO] NativeLogger - 开始获取插件NativeLogger
[2021-11-25T17:44:33.502] [INFO] NativeLogger - 开始执行插件方法，插件：NativeLogger，方法：WriteLog，参数：["EventManager",2,"[EventManager.addEventListener]type:\"Pause\",fn:undefined"]
[2021-11-25T17:44:33.502] [INFO] NativeLogger - 插件方法执行成功，插件：NativeLogger，方法：WriteLog，参数：["EventManager",2,"[EventManager.addEventListener]type:\"Pause\",fn:undefined"]
[2021-11-25T17:44:33.503] [INFO] NativeLogger - 开始获取插件NativeLogger
[2021-11-25T17:44:33.503] [INFO] NativeLogger - 开始执行插件方法，插件：NativeLogger，方法：WriteLog，参数：["EventManager",2,"[EventManager]listers:{\"Pause\":[null]}"]
[2021-11-25T17:44:33.503] [INFO] NativeLogger - 插件方法执行成功，插件：NativeLogger，方法：WriteLog，参数：["EventManager",2,"[EventManager]listers:{\"Pause\":[null]}"]
[2021-11-25T17:44:33.503] [INFO] NativeLogger - 开始获取插件NativeLogger
[2021-11-25T17:44:33.503] [INFO] NativeLogger - 开始执行插件方法，插件：NativeLogger，方法：WriteLog，参数：["EventManager",2,"[EventManager.addEventListener]type:\"Pause\",fn:undefined"]
[2021-11-25T17:44:33.503] [INFO] NativeLogger - 插件方法执行成功，插件：NativeLogger，方法：WriteLog，参数：["EventManager",2,"[EventManager.addEventListener]type:\"Pause\",fn:undefined"]
[2021-11-25T17:44:33.503] [INFO] NativeLogger - 开始获取插件NativeLogger
[2021-11-25T17:44:33.503] [INFO] NativeLogger - 开始执行插件方法，插件：NativeLogger，方法：WriteLog，参数：["EventManager",2,"[EventManager]listers:{\"Pause\":[null]}"]
[2021-11-25T17:44:33.503] [INFO] NativeLogger - 插件方法执行成功，插件：NativeLogger，方法：WriteLog，参数：["EventManager",2,"[EventManager]listers:{\"Pause\":[null]}"]
[2021-11-25T17:44:34.029] [INFO] NativeLogger - 开始获取插件NativeLogger
[2021-11-25T17:44:34.029] [INFO] NativeLogger - 开始执行插件方法，插件：NativeLogger，方法：WriteLog，参数：["EventManager",2,"[EventManager.removeEventListeners]type:\"Pause\""]
[2021-11-25T17:44:34.029] [INFO] NativeLogger - 插件方法执行成功，插件：NativeLogger，方法：WriteLog，参数：["EventManager",2,"[EventManager.removeEventListeners]type:\"Pause\""]
[2021-11-25T17:44:34.030] [INFO] NativeLogger - 开始获取插件NativeLogger
[2021-11-25T17:44:34.030] [INFO] NativeLogger - 开始执行插件方法，插件：NativeLogger，方法：WriteLog，参数：["EventManager",2,"[EventManager.removeEventListener]type:\"Pause\",key:undefined"]
[2021-11-25T17:44:34.030] [INFO] NativeLogger - 插件方法执行成功，插件：NativeLogger，方法：WriteLog，参数：["EventManager",2,"[EventManager.removeEventListener]type:\"Pause\",key:undefined"]
[2021-11-25T17:45:03.020] [INFO] NativeLogger - 开始获取插件NativeLogger
[2021-11-25T17:45:03.021] [INFO] NativeLogger - 开始执行插件方法，插件：NativeLogger，方法：WriteLog，参数：["EventManager",2,"[EventManager.addEventListener]type:\"Pause\",fn:undefined"]
[2021-11-25T17:45:03.021] [INFO] NativeLogger - 插件方法执行成功，插件：NativeLogger，方法：WriteLog，参数：["EventManager",2,"[EventManager.addEventListener]type:\"Pause\",fn:undefined"]
[2021-11-25T17:45:03.021] [INFO] NativeLogger - 开始获取插件NativeLogger
[2021-11-25T17:45:03.021] [INFO] NativeLogger - 开始执行插件方法，插件：NativeLogger，方法：WriteLog，参数：["EventManager",2,"[EventManager]listers:{\"Pause\":[null]}"]
[2021-11-25T17:45:03.021] [INFO] NativeLogger - 插件方法执行成功，插件：NativeLogger，方法：WriteLog，参数：["EventManager",2,"[EventManager]listers:{\"Pause\":[null]}"]
[2021-11-25T17:45:03.022] [INFO] NativeLogger - 开始获取插件NativeLogger
[2021-11-25T17:45:03.022] [INFO] NativeLogger - 开始执行插件方法，插件：NativeLogger，方法：WriteLog，参数：["EventManager",2,"[EventManager.addEventListener]type:\"Pause\",fn:undefined"]
[2021-11-25T17:45:03.022] [INFO] NativeLogger - 插件方法执行成功，插件：NativeLogger，方法：WriteLog，参数：["EventManager",2,"[EventManager.addEventListener]type:\"Pause\",fn:undefined"]
[2021-11-25T17:45:03.022] [INFO] NativeLogger - 开始获取插件NativeLogger
[2021-11-25T17:45:03.022] [INFO] NativeLogger - 开始执行插件方法，插件：NativeLogger，方法：WriteLog，参数：["EventManager",2,"[EventManager]listers:{\"Pause\":[null]}"]
[2021-11-25T17:45:03.022] [INFO] NativeLogger - 插件方法执行成功，插件：NativeLogger，方法：WriteLog，参数：["EventManager",2,"[EventManager]listers:{\"Pause\":[null]}"]
[2021-11-25T17:45:03.562] [INFO] NativeLogger - 开始获取插件NativeLogger
[2021-11-25T17:45:03.562] [INFO] NativeLogger - 开始执行插件方法，插件：NativeLogger，方法：WriteLog，参数：["EventManager",2,"[EventManager.removeEventListeners]type:\"Pause\""]
[2021-11-25T17:45:03.562] [INFO] NativeLogger - 插件方法执行成功，插件：NativeLogger，方法：WriteLog，参数：["EventManager",2,"[EventManager.removeEventListeners]type:\"Pause\""]
[2021-11-25T17:45:03.563] [INFO] NativeLogger - 开始获取插件NativeLogger
[2021-11-25T17:45:03.563] [INFO] NativeLogger - 开始执行插件方法，插件：NativeLogger，方法：WriteLog，参数：["EventManager",2,"[EventManager.removeEventListener]type:\"Pause\",key:undefined"]
[2021-11-25T17:45:03.564] [INFO] NativeLogger - 插件方法执行成功，插件：NativeLogger，方法：WriteLog，参数：["EventManager",2,"[EventManager.removeEventListener]type:\"Pause\",key:undefined"]
[2021-11-29T11:36:15.867] [INFO] NativeLogger - 开始获取插件NativeLogger
[2021-11-29T11:36:15.868] [INFO] NativeLogger - 开始执行插件方法，插件：NativeLogger，方法：WriteLog，参数：["EventManager",2,"[EventManager.addEventListener]type:\"Pause\",fn:undefined"]
[2021-11-29T11:36:15.869] [INFO] NativeLogger - 插件方法执行成功，插件：NativeLogger，方法：WriteLog，参数：["EventManager",2,"[EventManager.addEventListener]type:\"Pause\",fn:undefined"]
[2021-11-29T11:36:15.869] [INFO] NativeLogger - 开始获取插件NativeLogger
[2021-11-29T11:36:15.869] [INFO] NativeLogger - 开始执行插件方法，插件：NativeLogger，方法：WriteLog，参数：["EventManager",2,"[EventManager]listers:{\"Pause\":[null]}"]
[2021-11-29T11:36:15.869] [INFO] NativeLogger - 插件方法执行成功，插件：NativeLogger，方法：WriteLog，参数：["EventManager",2,"[EventManager]listers:{\"Pause\":[null]}"]
[2021-11-29T11:36:15.869] [INFO] NativeLogger - 开始获取插件NativeLogger
[2021-11-29T11:36:15.869] [INFO] NativeLogger - 开始执行插件方法，插件：NativeLogger，方法：WriteLog，参数：["EventManager",2,"[EventManager.addEventListener]type:\"Pause\",fn:undefined"]
[2021-11-29T11:36:15.869] [INFO] NativeLogger - 插件方法执行成功，插件：NativeLogger，方法：WriteLog，参数：["EventManager",2,"[EventManager.addEventListener]type:\"Pause\",fn:undefined"]
[2021-11-29T11:36:15.869] [INFO] NativeLogger - 开始获取插件NativeLogger
[2021-11-29T11:36:15.869] [INFO] NativeLogger - 开始执行插件方法，插件：NativeLogger，方法：WriteLog，参数：["EventManager",2,"[EventManager]listers:{\"Pause\":[null]}"]
[2021-11-29T11:36:15.870] [INFO] NativeLogger - 插件方法执行成功，插件：NativeLogger，方法：WriteLog，参数：["EventManager",2,"[EventManager]listers:{\"Pause\":[null]}"]
[2021-11-29T11:38:11.350] [INFO] NativeLogger - 开始获取插件NativeLogger
[2021-11-29T11:38:11.350] [INFO] NativeLogger - 开始执行插件方法，插件：NativeLogger，方法：WriteLog，参数：["EventManager",2,"[EventManager.removeEventListeners]type:\"Pause\""]
[2021-11-29T11:38:11.350] [INFO] NativeLogger - 插件方法执行成功，插件：NativeLogger，方法：WriteLog，参数：["EventManager",2,"[EventManager.removeEventListeners]type:\"Pause\""]
[2021-11-29T11:38:11.350] [INFO] NativeLogger - 开始获取插件NativeLogger
[2021-11-29T11:38:11.351] [INFO] NativeLogger - 开始执行插件方法，插件：NativeLogger，方法：WriteLog，参数：["EventManager",2,"[EventManager.removeEventListener]type:\"Pause\",key:undefined"]
[2021-11-29T11:38:11.351] [INFO] NativeLogger - 插件方法执行成功，插件：NativeLogger，方法：WriteLog，参数：["EventManager",2,"[EventManager.removeEventListener]type:\"Pause\",key:undefined"]
